[subtitles] starting
[subtitles] provider=faster-whisper model=medium
[subtitles] filters summary total_boundaries=27 matched_boundaries=1
[subtitles] force reprocessing subtitle output session_id=session-20260617073649-4b5ec478 match_index=2
[subtitles] audio preprocess written session_id=session-20260617073649-4b5ec478 match_index=2
[subtitles] transcribe failed session_id=session-20260617073649-4b5ec478 match_index=2 model=medium device=cuda compute_type=int8_float16 reason=Library cublas64_12.dll is not found or cannot be loaded
[subtitles] subtitle asset written session_id=session-20260617073649-4b5ec478 match_index=2
[subtitles] processed_matches=1
[segmenter] stage-signals-from-subtitles starting
[segmenter] stage-signals-from-subtitles filter summary total_assets=44 matched_assets=4
[segmenter] stage-signals-from-subtitles processed session_id=session-20260617073649-4b5ec478 match_index=2 signals=0 force_reprocess=1
[segmenter] stage-signals-from-subtitles processed session_id=session-20260617073649-4b5ec478 match_index=2 signals=0 force_reprocess=1
[segmenter] stage-signals-from-subtitles processed session_id=session-20260617073649-4b5ec478 match_index=2 signals=0 force_reprocess=1
[segmenter] stage-signals-from-subtitles processed session_id=session-20260617073649-4b5ec478 match_index=2 signals=0 force_reprocess=1
[segmenter] stage-signals-from-subtitles processed_subtitles=4 emitted_signals=0 matched_assets=4 skipped_already_processed=0 skipped_missing_subtitle=0
[subtitles] starting
[subtitles] provider=faster-whisper model=medium
[subtitles] filters summary total_boundaries=27 matched_boundaries=3
[subtitles] force reprocessing subtitle output session_id=session-20260617073651-cf11bf9e match_index=2
[subtitles] audio preprocess written session_id=session-20260617073651-cf11bf9e match_index=2
[subtitles] transcribe failed session_id=session-20260617073651-cf11bf9e match_index=2 model=medium device=cuda compute_type=int8_float16 reason=Library cublas64_12.dll is not found or cannot be loaded
[subtitles] subtitle asset written session_id=session-20260617073651-cf11bf9e match_index=2
[subtitles] force reprocessing subtitle output session_id=session-20260617073651-cf11bf9e match_index=3
[subtitles] audio preprocess written session_id=session-20260617073651-cf11bf9e match_index=3
[subtitles] subtitle asset written session_id=session-20260617073651-cf11bf9e match_index=3
[subtitles] force reprocessing subtitle output session_id=session-20260617073651-cf11bf9e match_index=4
[subtitles] audio preprocess written session_id=session-20260617073651-cf11bf9e match_index=4
[subtitles] subtitle asset written session_id=session-20260617073651-cf11bf9e match_index=4
[subtitles] processed_matches=3
[segmenter] stage-signals-from-subtitles starting
[segmenter] stage-signals-from-subtitles filter summary total_assets=47 matched_assets=13
[segmenter] stage-signals-from-subtitles processed session_id=session-20260617073651-cf11bf9e match_index=2 signals=0 force_reprocess=1
[segmenter] stage-signals-from-subtitles processed session_id=session-20260617073651-cf11bf9e match_index=3 signals=0 force_reprocess=1
[segmenter] stage-signals-from-subtitles processed session_id=session-20260617073651-cf11bf9e match_index=4 signals=0 force_reprocess=1
[segmenter] stage-signals-from-subtitles processed session_id=session-20260617073651-cf11bf9e match_index=2 signals=0 force_reprocess=1
[segmenter] stage-signals-from-subtitles processed session_id=session-20260617073651-cf11bf9e match_index=2 signals=0 force_reprocess=1
[segmenter] stage-signals-from-subtitles processed session_id=session-20260617073651-cf11bf9e match_index=3 signals=0 force_reprocess=1
[segmenter] stage-signals-from-subtitles processed session_id=session-20260617073651-cf11bf9e match_index=4 signals=0 force_reprocess=1
[segmenter] stage-signals-from-subtitles processed session_id=session-20260617073651-cf11bf9e match_index=2 signals=0 force_reprocess=1
[segmenter] stage-signals-from-subtitles processed session_id=session-20260617073651-cf11bf9e match_index=3 signals=0 force_reprocess=1
[segmenter] stage-signals-from-subtitles processed session_id=session-20260617073651-cf11bf9e match_index=4 signals=0 force_reprocess=1
[segmenter] stage-signals-from-subtitles processed session_id=session-20260617073651-cf11bf9e match_index=2 signals=0 force_reprocess=1
[segmenter] stage-signals-from-subtitles processed session_id=session-20260617073651-cf11bf9e match_index=3 signals=0 force_reprocess=1
[segmenter] stage-signals-from-subtitles processed session_id=session-20260617073651-cf11bf9e match_index=4 signals=0 force_reprocess=1
[segmenter] stage-signals-from-subtitles processed_subtitles=13 emitted_signals=0 matched_assets=13 skipped_already_processed=0 skipped_missing_subtitle=0
