[subtitles] starting
[subtitles] provider=faster-whisper model=medium
[subtitles] filters summary total_boundaries=27 matched_boundaries=1
[subtitles] force reprocessing subtitle output session_id=session-20260617073649-4b5ec478 match_index=2
[subtitles] audio preprocess written session_id=session-20260617073649-4b5ec478 match_index=2
[subtitles] subtitle asset written session_id=session-20260617073649-4b5ec478 match_index=2
[subtitles] processed_matches=1
[segmenter] stage-signals-from-subtitles starting
[segmenter] stage-signals-from-subtitles filter summary total_assets=48 matched_assets=5
[segmenter] stage-signals-from-subtitles processed session_id=session-20260617073649-4b5ec478 match_index=2 signals=1 force_reprocess=1
[segmenter] stage-signals-from-subtitles processed session_id=session-20260617073649-4b5ec478 match_index=2 signals=0 force_reprocess=1
[segmenter] stage-signals-from-subtitles processed session_id=session-20260617073649-4b5ec478 match_index=2 signals=0 force_reprocess=1
[segmenter] stage-signals-from-subtitles processed session_id=session-20260617073649-4b5ec478 match_index=2 signals=0 force_reprocess=1
[segmenter] stage-signals-from-subtitles processed session_id=session-20260617073649-4b5ec478 match_index=2 signals=0 force_reprocess=1
[segmenter] stage-signals-from-subtitles processed_subtitles=5 emitted_signals=1 matched_assets=5 skipped_already_processed=0 skipped_missing_subtitle=0
[subtitles] starting
[subtitles] provider=faster-whisper model=medium
[subtitles] filters summary total_boundaries=27 matched_boundaries=3
[subtitles] force reprocessing subtitle output session_id=session-20260617073651-cf11bf9e match_index=2
[subtitles] audio preprocess written session_id=session-20260617073651-cf11bf9e match_index=2
[subtitles] subtitle asset written session_id=session-20260617073651-cf11bf9e match_index=2
[subtitles] force reprocessing subtitle output session_id=session-20260617073651-cf11bf9e match_index=3
[subtitles] audio preprocess written session_id=session-20260617073651-cf11bf9e match_index=3
[subtitles] subtitle asset written session_id=session-20260617073651-cf11bf9e match_index=3
[subtitles] force reprocessing subtitle output session_id=session-20260617073651-cf11bf9e match_index=4
[subtitles] audio preprocess written session_id=session-20260617073651-cf11bf9e match_index=4
[subtitles] subtitle asset written session_id=session-20260617073651-cf11bf9e match_index=4
[subtitles] processed_matches=3
[segmenter] stage-signals-from-subtitles starting
[segmenter] stage-signals-from-subtitles filter summary total_assets=51 matched_assets=16
[segmenter] stage-signals-from-subtitles processed session_id=session-20260617073651-cf11bf9e match_index=2 signals=1 force_reprocess=1
[segmenter] stage-signals-from-subtitles processed session_id=session-20260617073651-cf11bf9e match_index=3 signals=1 force_reprocess=1
[segmenter] stage-signals-from-subtitles processed session_id=session-20260617073651-cf11bf9e match_index=4 signals=0 force_reprocess=1
[segmenter] stage-signals-from-subtitles processed session_id=session-20260617073651-cf11bf9e match_index=2 signals=0 force_reprocess=1
[segmenter] stage-signals-from-subtitles processed session_id=session-20260617073651-cf11bf9e match_index=2 signals=0 force_reprocess=1
[segmenter] stage-signals-from-subtitles processed session_id=session-20260617073651-cf11bf9e match_index=3 signals=0 force_reprocess=1
[segmenter] stage-signals-from-subtitles processed session_id=session-20260617073651-cf11bf9e match_index=4 signals=0 force_reprocess=1
[segmenter] stage-signals-from-subtitles processed session_id=session-20260617073651-cf11bf9e match_index=2 signals=0 force_reprocess=1
[segmenter] stage-signals-from-subtitles processed session_id=session-20260617073651-cf11bf9e match_index=3 signals=0 force_reprocess=1
[segmenter] stage-signals-from-subtitles processed session_id=session-20260617073651-cf11bf9e match_index=4 signals=0 force_reprocess=1
[segmenter] stage-signals-from-subtitles processed session_id=session-20260617073651-cf11bf9e match_index=2 signals=0 force_reprocess=1
[segmenter] stage-signals-from-subtitles processed session_id=session-20260617073651-cf11bf9e match_index=3 signals=0 force_reprocess=1
[segmenter] stage-signals-from-subtitles processed session_id=session-20260617073651-cf11bf9e match_index=4 signals=0 force_reprocess=1
[segmenter] stage-signals-from-subtitles processed session_id=session-20260617073651-cf11bf9e match_index=2 signals=0 force_reprocess=1
[segmenter] stage-signals-from-subtitles processed session_id=session-20260617073651-cf11bf9e match_index=3 signals=0 force_reprocess=1
[segmenter] stage-signals-from-subtitles processed session_id=session-20260617073651-cf11bf9e match_index=4 signals=0 force_reprocess=1
[segmenter] stage-signals-from-subtitles processed_subtitles=16 emitted_signals=2 matched_assets=16 skipped_already_processed=0 skipped_missing_subtitle=0
[subtitles] starting
[subtitles] provider=faster-whisper model=medium
[subtitles] filters summary total_boundaries=27 matched_boundaries=3
[subtitles] force reprocessing subtitle output session_id=session-20260702092321-bc90812b match_index=1
[subtitles] audio preprocess written session_id=session-20260702092321-bc90812b match_index=1
[subtitles] subtitle asset written session_id=session-20260702092321-bc90812b match_index=1
[subtitles] force reprocessing subtitle output session_id=session-20260702092321-bc90812b match_index=2
[subtitles] audio preprocess written session_id=session-20260702092321-bc90812b match_index=2
[subtitles] subtitle asset written session_id=session-20260702092321-bc90812b match_index=2
[subtitles] force reprocessing subtitle output session_id=session-20260702092321-bc90812b match_index=3
[subtitles] audio preprocess written session_id=session-20260702092321-bc90812b match_index=3
[subtitles] subtitle asset written session_id=session-20260702092321-bc90812b match_index=3
[subtitles] processed_matches=3
[segmenter] stage-signals-from-subtitles starting
[segmenter] stage-signals-from-subtitles filter summary total_assets=54 matched_assets=13
[segmenter] stage-signals-from-subtitles processed session_id=session-20260702092321-bc90812b match_index=1 signals=1 force_reprocess=1
[segmenter] stage-signals-from-subtitles processed session_id=session-20260702092321-bc90812b match_index=2 signals=2 force_reprocess=1
[segmenter] stage-signals-from-subtitles processed session_id=session-20260702092321-bc90812b match_index=3 signals=0 force_reprocess=1
[segmenter] stage-signals-from-subtitles processed session_id=session-20260702092321-bc90812b match_index=2 signals=0 force_reprocess=1
[segmenter] stage-signals-from-subtitles processed session_id=session-20260702092321-bc90812b match_index=2 signals=0 force_reprocess=1
[segmenter] stage-signals-from-subtitles processed session_id=session-20260702092321-bc90812b match_index=1 signals=0 force_reprocess=1
[segmenter] stage-signals-from-subtitles processed session_id=session-20260702092321-bc90812b match_index=3 signals=0 force_reprocess=1
[segmenter] stage-signals-from-subtitles processed session_id=session-20260702092321-bc90812b match_index=1 signals=0 force_reprocess=1
[segmenter] stage-signals-from-subtitles processed session_id=session-20260702092321-bc90812b match_index=2 signals=0 force_reprocess=1
[segmenter] stage-signals-from-subtitles processed session_id=session-20260702092321-bc90812b match_index=3 signals=0 force_reprocess=1
[segmenter] stage-signals-from-subtitles processed session_id=session-20260702092321-bc90812b match_index=1 signals=0 force_reprocess=1
[segmenter] stage-signals-from-subtitles processed session_id=session-20260702092321-bc90812b match_index=2 signals=0 force_reprocess=1
[segmenter] stage-signals-from-subtitles processed session_id=session-20260702092321-bc90812b match_index=3 signals=0 force_reprocess=1
[segmenter] stage-signals-from-subtitles processed_subtitles=13 emitted_signals=3 matched_assets=13 skipped_already_processed=0 skipped_missing_subtitle=0
